<?xml version="1.0" encoding="UTF-8"?>
<testsuite name="com.kucoin.tests.OrderBookTests" tests="1" skipped="0" failures="0" errors="0" timestamp="2022-12-28T11:24:47" hostname="ira-vostro-3560" time="5.702">
  <properties/>
  <testcase name="verifyOrderBookConsists20BidsTest()" classname="com.kucoin.tests.OrderBookTests" time="5.702"/>
  <system-out><![CDATA[Request method:	GET
Request URI:	https://api.kucoin.com/api/v1/market/orderbook/level2_20?symbol=BTC-USDT
Proxy:			<none>
Request params:	symbol=BTC-USDT
Query params:	<none>
Form params:	<none>
Path params:	<none>
Headers:		Accept=*/*
				Content-Type=application/json
Cookies:		<none>
Multiparts:		<none>
Body:			<none>
]]></system-out>
  <system-err><![CDATA[]]></system-err>
</testsuite>
