<?xml version="1.0" encoding="UTF-8"?>
<testsuite name="com.kucoin.tests.TradeHistoryTests" tests="1" skipped="0" failures="0" errors="0" timestamp="2022-12-27T10:03:14" hostname="ira-vostro-3560" time="0.664">
  <properties/>
  <testcase name="verifyTradeHistoryDataTest()" classname="com.kucoin.tests.TradeHistoryTests" time="0.664"/>
  <system-out><![CDATA[Request method:	GET
Request URI:	https://api.kucoin.com/api/v1/market/histories?symbol=BTC-USDT
Proxy:			<none>
Request params:	symbol=BTC-USDT
Query params:	<none>
Form params:	<none>
Path params:	<none>
Headers:		Accept=*/*
				Content-Type=application/json
Cookies:		<none>
Multiparts:		<none>
Body:			<none>
Request method:	GET
Request URI:	https://api.kucoin.com/api/v1/market/histories?symbol=BTC-USDT
Proxy:			<none>
Request params:	symbol=BTC-USDT
Query params:	<none>
Form params:	<none>
Path params:	<none>
Headers:		Accept=*/*
				Content-Type=application/json
Cookies:		<none>
Multiparts:		<none>
Body:			<none>
Request method:	GET
Request URI:	https://api.kucoin.com/api/v1/market/histories?symbol=BTC-USDT
Proxy:			<none>
Request params:	symbol=BTC-USDT
Query params:	<none>
Form params:	<none>
Path params:	<none>
Headers:		Accept=*/*
				Content-Type=application/json
Cookies:		<none>
Multiparts:		<none>
Body:			<none>
Request method:	GET
Request URI:	https://api.kucoin.com/api/v1/market/histories?symbol=BTC-USDT
Proxy:			<none>
Request params:	symbol=BTC-USDT
Query params:	<none>
Form params:	<none>
Path params:	<none>
Headers:		Accept=*/*
				Content-Type=application/json
Cookies:		<none>
Multiparts:		<none>
Body:			<none>
Request method:	GET
Request URI:	https://api.kucoin.com/api/v1/market/histories?symbol=BTC-USDT
Proxy:			<none>
Request params:	symbol=BTC-USDT
Query params:	<none>
Form params:	<none>
Path params:	<none>
Headers:		Accept=*/*
				Content-Type=application/json
Cookies:		<none>
Multiparts:		<none>
Body:			<none>
Request method:	GET
Request URI:	https://api.kucoin.com/api/v1/market/histories?symbol=BTC-USDT
Proxy:			<none>
Request params:	symbol=BTC-USDT
Query params:	<none>
Form params:	<none>
Path params:	<none>
Headers:		Accept=*/*
				Content-Type=application/json
Cookies:		<none>
Multiparts:		<none>
Body:			<none>
Request method:	GET
Request URI:	https://api.kucoin.com/api/v1/market/histories?symbol=BTC-USDT
Proxy:			<none>
Request params:	symbol=BTC-USDT
Query params:	<none>
Form params:	<none>
Path params:	<none>
Headers:		Accept=*/*
				Content-Type=application/json
Cookies:		<none>
Multiparts:		<none>
Body:			<none>
Request method:	GET
Request URI:	https://api.kucoin.com/api/v1/market/histories?symbol=BTC-USDT
Proxy:			<none>
Request params:	symbol=BTC-USDT
Query params:	<none>
Form params:	<none>
Path params:	<none>
Headers:		Accept=*/*
				Content-Type=application/json
Cookies:		<none>
Multiparts:		<none>
Body:			<none>
Request method:	GET
Request URI:	https://api.kucoin.com/api/v1/market/histories?symbol=BTC-USDT
Proxy:			<none>
Request params:	symbol=BTC-USDT
Query params:	<none>
Form params:	<none>
Path params:	<none>
Headers:		Accept=*/*
				Content-Type=application/json
Cookies:		<none>
Multiparts:		<none>
Body:			<none>
Request method:	GET
Request URI:	https://api.kucoin.com/api/v1/market/histories?symbol=BTC-USDT
Proxy:			<none>
Request params:	symbol=BTC-USDT
Query params:	<none>
Form params:	<none>
Path params:	<none>
Headers:		Accept=*/*
				Content-Type=application/json
Cookies:		<none>
Multiparts:		<none>
Body:			<none>
Request method:	GET
Request URI:	https://api.kucoin.com/api/v1/market/histories?symbol=BTC-USDT
Proxy:			<none>
Request params:	symbol=BTC-USDT
Query params:	<none>
Form params:	<none>
Path params:	<none>
Headers:		Accept=*/*
				Content-Type=application/json
Cookies:		<none>
Multiparts:		<none>
Body:			<none>
]]></system-out>
  <system-err><![CDATA[]]></system-err>
</testsuite>
